[ 2024-04-05 07:16:33 ] ERROR in tech.iresponse.break.do : java.lang.NumberFormatException: null
	at java.lang.Integer.parseInt(Integer.java:542)
	at java.lang.Integer.parseInt(Integer.java:615)
	at tech.iresponse.Bootstrap.main(Unknown Source)

[ 2024-04-05 07:17:08 ] ERROR in tech.iresponse.break.do : java.lang.NumberFormatException: null
	at java.lang.Integer.parseInt(Integer.java:542)
	at java.lang.Integer.parseInt(Integer.java:615)
	at tech.iresponse.Bootstrap.main(Unknown Source)

[ 2024-04-06 23:28:19 ] ERROR in tech.iresponse.break.do : java.lang.NumberFormatException: null
	at java.lang.Integer.parseInt(Integer.java:542)
	at java.lang.Integer.parseInt(Integer.java:615)
	at tech.iresponse.Bootstrap.main(Unknown Source)

[ 2024-04-06 23:36:17 ] ERROR in tech.iresponse.break.do : java.lang.NumberFormatException: null
	at java.lang.Integer.parseInt(Integer.java:542)
	at java.lang.Integer.parseInt(Integer.java:615)
	at tech.iresponse.Bootstrap.main(Unknown Source)

[ 2024-04-06 23:51:15 ] ERROR in tech.iresponse.break.do : java.lang.NumberFormatException: null
	at java.lang.Integer.parseInt(Integer.java:542)
	at java.lang.Integer.parseInt(Integer.java:615)
	at tech.iresponse.Bootstrap.main(Unknown Source)

[ 2024-04-06 23:51:35 ] ERROR in tech.iresponse.break.do : java.lang.NumberFormatException: null
	at java.lang.Integer.parseInt(Integer.java:542)
	at java.lang.Integer.parseInt(Integer.java:615)
	at tech.iresponse.Bootstrap.main(Unknown Source)

[ 2024-04-06 23:54:52 ] ERROR in tech.iresponse.break.do : java.lang.NumberFormatException: null
	at java.lang.Integer.parseInt(Integer.java:542)
	at java.lang.Integer.parseInt(Integer.java:615)
	at tech.iresponse.Bootstrap.main(Unknown Source)

[ 2024-04-07 03:57:41 ] ERROR in tech.iresponse.break.do : org.postgresql.util.PSQLException: ERROR: relation "charter.charter" does not exist
  Position: 31
	at org.postgresql.core.v3.QueryExecutorImpl.receiveErrorResponse(QueryExecutorImpl.java:2440)
	at org.postgresql.core.v3.QueryExecutorImpl.processResults(QueryExecutorImpl.java:2183)
	at org.postgresql.core.v3.QueryExecutorImpl.execute(QueryExecutorImpl.java:308)
	at org.postgresql.jdbc.PgStatement.executeInternal(PgStatement.java:441)
	at org.postgresql.jdbc.PgStatement.execute(PgStatement.java:365)
	at org.postgresql.jdbc.PgPreparedStatement.executeWithFlags(PgPreparedStatement.java:143)
	at org.postgresql.jdbc.PgPreparedStatement.executeQuery(PgPreparedStatement.java:106)
	at com.mchange.v2.c3p0.impl.NewProxyPreparedStatement.executeQuery(NewProxyPreparedStatement.java:353)
	at tech.iresponse.const.for.do(Unknown Source)
	at tech.iresponse.const.for.if(Unknown Source)
	at tech.iresponse.float.int.for.run(Unknown Source)
	at java.util.concurrent.Executors$RunnableAdapter.call(Executors.java:511)
	at java.util.concurrent.FutureTask.run(FutureTask.java:266)
	at java.util.concurrent.ThreadPoolExecutor.runWorker(ThreadPoolExecutor.java:1149)
	at java.util.concurrent.ThreadPoolExecutor$Worker.run(ThreadPoolExecutor.java:624)
	at java.lang.Thread.run(Thread.java:748)

[ 2024-04-07 04:04:15 ] ERROR in tech.iresponse.break.do : org.postgresql.util.PSQLException: ERROR: relation "charter.charter" does not exist
  Position: 31
	at org.postgresql.core.v3.QueryExecutorImpl.receiveErrorResponse(QueryExecutorImpl.java:2440)
	at org.postgresql.core.v3.QueryExecutorImpl.processResults(QueryExecutorImpl.java:2183)
	at org.postgresql.core.v3.QueryExecutorImpl.execute(QueryExecutorImpl.java:308)
	at org.postgresql.jdbc.PgStatement.executeInternal(PgStatement.java:441)
	at org.postgresql.jdbc.PgStatement.execute(PgStatement.java:365)
	at org.postgresql.jdbc.PgPreparedStatement.executeWithFlags(PgPreparedStatement.java:143)
	at org.postgresql.jdbc.PgPreparedStatement.executeQuery(PgPreparedStatement.java:106)
	at com.mchange.v2.c3p0.impl.NewProxyPreparedStatement.executeQuery(NewProxyPreparedStatement.java:353)
	at tech.iresponse.const.for.do(Unknown Source)
	at tech.iresponse.const.for.if(Unknown Source)
	at tech.iresponse.float.int.for.run(Unknown Source)
	at java.util.concurrent.Executors$RunnableAdapter.call(Executors.java:511)
	at java.util.concurrent.FutureTask.run(FutureTask.java:266)
	at java.util.concurrent.ThreadPoolExecutor.runWorker(ThreadPoolExecutor.java:1149)
	at java.util.concurrent.ThreadPoolExecutor$Worker.run(ThreadPoolExecutor.java:624)
	at java.lang.Thread.run(Thread.java:748)

[ 2024-04-07 05:37:48 ] ERROR in tech.iresponse.break.do : tech.iresponse.char.do: Vmta not found !
	at tech.iresponse.byte.long.do(Unknown Source)
	at tech.iresponse.byte.long.do(Unknown Source)
	at tech.iresponse.this.do.for(Unknown Source)
	at tech.iresponse.Bootstrap.main(Unknown Source)

[ 2024-04-07 05:44:40 ] ERROR in tech.iresponse.break.do : tech.iresponse.char.do: Vmta not found !
	at tech.iresponse.byte.long.do(Unknown Source)
	at tech.iresponse.byte.long.do(Unknown Source)
	at tech.iresponse.this.do.for(Unknown Source)
	at tech.iresponse.Bootstrap.main(Unknown Source)

[ 2024-04-28 23:41:23 ] ERROR in tech.iresponse.break.do : java.io.FileNotFoundException: /usr/irresponse/public/media/6c1a990d41f8b1c.png (No such file or directory)
	at java.io.FileOutputStream.open0(Native Method)
	at java.io.FileOutputStream.open(FileOutputStream.java:270)
	at java.io.FileOutputStream.<init>(FileOutputStream.java:213)
	at java.io.FileOutputStream.<init>(FileOutputStream.java:162)
	at tech.iresponse.long.if.do(Unknown Source)
	at tech.iresponse.long.if.do(Unknown Source)
	at tech.iresponse.do.if.int.do(Unknown Source)
	at tech.iresponse.do.if.int.run(Unknown Source)
	at java.util.concurrent.Executors$RunnableAdapter.call(Executors.java:511)
	at java.util.concurrent.FutureTask.run(FutureTask.java:266)
	at java.util.concurrent.ThreadPoolExecutor.runWorker(ThreadPoolExecutor.java:1149)
	at java.util.concurrent.ThreadPoolExecutor$Worker.run(ThreadPoolExecutor.java:624)
	at java.lang.Thread.run(Thread.java:748)

[ 2024-04-28 23:41:23 ] ERROR in tech.iresponse.break.do : java.io.FileNotFoundException: /usr/irresponse/public/media/05166dca1b8a11d.png (No such file or directory)
	at java.io.FileOutputStream.open0(Native Method)
	at java.io.FileOutputStream.open(FileOutputStream.java:270)
	at java.io.FileOutputStream.<init>(FileOutputStream.java:213)
	at java.io.FileOutputStream.<init>(FileOutputStream.java:162)
	at tech.iresponse.long.if.do(Unknown Source)
	at tech.iresponse.long.if.do(Unknown Source)
	at tech.iresponse.do.if.int.do(Unknown Source)
	at tech.iresponse.do.if.int.run(Unknown Source)
	at java.util.concurrent.Executors$RunnableAdapter.call(Executors.java:511)
	at java.util.concurrent.FutureTask.run(FutureTask.java:266)
	at java.util.concurrent.ThreadPoolExecutor.runWorker(ThreadPoolExecutor.java:1149)
	at java.util.concurrent.ThreadPoolExecutor$Worker.run(ThreadPoolExecutor.java:624)
	at java.lang.Thread.run(Thread.java:748)

[ 2024-04-28 23:41:23 ] ERROR in tech.iresponse.break.do : java.io.FileNotFoundException: /usr/irresponse/public/media/692a417ecaf9253.png (No such file or directory)
	at java.io.FileOutputStream.open0(Native Method)
	at java.io.FileOutputStream.open(FileOutputStream.java:270)
	at java.io.FileOutputStream.<init>(FileOutputStream.java:213)
	at java.io.FileOutputStream.<init>(FileOutputStream.java:162)
	at tech.iresponse.long.if.do(Unknown Source)
	at tech.iresponse.long.if.do(Unknown Source)
	at tech.iresponse.do.if.int.do(Unknown Source)
	at tech.iresponse.do.if.int.run(Unknown Source)
	at java.util.concurrent.Executors$RunnableAdapter.call(Executors.java:511)
	at java.util.concurrent.FutureTask.run(FutureTask.java:266)
	at java.util.concurrent.ThreadPoolExecutor.runWorker(ThreadPoolExecutor.java:1149)
	at java.util.concurrent.ThreadPoolExecutor$Worker.run(ThreadPoolExecutor.java:624)
	at java.lang.Thread.run(Thread.java:748)

[ 2024-04-28 23:41:23 ] ERROR in tech.iresponse.break.do : java.io.FileNotFoundException: /usr/irresponse/public/media/721ba0f32061895.png (No such file or directory)
	at java.io.FileOutputStream.open0(Native Method)
	at java.io.FileOutputStream.open(FileOutputStream.java:270)
	at java.io.FileOutputStream.<init>(FileOutputStream.java:213)
	at java.io.FileOutputStream.<init>(FileOutputStream.java:162)
	at tech.iresponse.long.if.do(Unknown Source)
	at tech.iresponse.long.if.do(Unknown Source)
	at tech.iresponse.do.if.int.do(Unknown Source)
	at tech.iresponse.do.if.int.run(Unknown Source)
	at java.util.concurrent.Executors$RunnableAdapter.call(Executors.java:511)
	at java.util.concurrent.FutureTask.run(FutureTask.java:266)
	at java.util.concurrent.ThreadPoolExecutor.runWorker(ThreadPoolExecutor.java:1149)
	at java.util.concurrent.ThreadPoolExecutor$Worker.run(ThreadPoolExecutor.java:624)
	at java.lang.Thread.run(Thread.java:748)

