[2024-03-15 06:40:56] iResponse Framework.CRITICAL: "Argument 2 passed to IR\App\Helpers\Permissions::checkForAuthorization() must be of the type string, null given, called in /usr/irresponse/app/helpers/DataTable.php on line 165" in : /usr/irresponse/app/helpers/Permissions.php at line : 32 [] []
[2024-03-15 06:40:56] iResponse Framework.CRITICAL: "Undefined variable: controller" in : /usr/irresponse/app/helpers/DataTable.php at line : 67 [] []
[2024-03-15 06:43:30] iResponse Framework.CRITICAL: "Argument 2 passed to IR\App\Helpers\Permissions::checkForAuthorization() must be of the type string, null given, called in /usr/irresponse/app/helpers/DataTable.php on line 165" in : /usr/irresponse/app/helpers/Permissions.php at line : 32 [] []
[2024-03-15 06:43:30] iResponse Framework.CRITICAL: "Undefined variable: controller" in : /usr/irresponse/app/helpers/DataTable.php at line : 67 [] []
[2024-03-15 06:44:59] iResponse Framework.CRITICAL: "Argument 2 passed to IR\App\Helpers\Permissions::checkForAuthorization() must be of the type string, null given, called in /usr/irresponse/app/helpers/DataTable.php on line 165" in : /usr/irresponse/app/helpers/Permissions.php at line : 32 [] []
[2024-03-15 06:44:59] iResponse Framework.CRITICAL: "Undefined variable: controller" in : /usr/irresponse/app/helpers/DataTable.php at line : 67 [] []
[2024-03-15 06:46:21] iResponse Framework.CRITICAL: "Argument 2 passed to IR\App\Helpers\Permissions::checkForAuthorization() must be of the type string, null given, called in /usr/irresponse/app/helpers/DataTable.php on line 165" in : /usr/irresponse/app/helpers/Permissions.php at line : 32 [] []
[2024-03-15 06:46:21] iResponse Framework.CRITICAL: "Undefined variable: controller" in : /usr/irresponse/app/helpers/DataTable.php at line : 67 [] []
[2024-03-15 06:49:35] iResponse Framework.CRITICAL: "Argument 2 passed to IR\App\Helpers\Permissions::checkForAuthorization() must be of the type string, null given, called in /usr/irresponse/app/helpers/DataTable.php on line 165" in : /usr/irresponse/app/helpers/Permissions.php at line : 32 [] []
[2024-03-15 06:49:35] iResponse Framework.CRITICAL: "Undefined variable: controller" in : /usr/irresponse/app/helpers/DataTable.php at line : 67 [] []
[2024-03-15 06:50:41] iResponse Framework.CRITICAL: "Argument 2 passed to IR\App\Helpers\Permissions::checkForAuthorization() must be of the type string, null given, called in /usr/irresponse/app/helpers/DataTable.php on line 143" in : /usr/irresponse/app/helpers/Permissions.php at line : 32 [] []
[2024-03-15 06:50:41] iResponse Framework.CRITICAL: "Undefined variable: controller" in : /usr/irresponse/app/helpers/DataTable.php at line : 67 [] []
[2024-03-15 06:53:14] iResponse Framework.CRITICAL: "Undefined variable: controller" in : /usr/irresponse/app/helpers/DataTable.php at line : 67 [] []
[2024-03-15 06:53:27] iResponse Framework.CRITICAL: "Undefined variable: controller" in : /usr/irresponse/app/helpers/DataTable.php at line : 67 [] []
[2024-03-15 06:58:37] iResponse Framework.CRITICAL: "Argument 2 passed to IR\App\Helpers\Permissions::checkForAuthorization() must be of the type string, null given, called in /usr/irresponse/app/helpers/DataTable.php on line 166" in : /usr/irresponse/app/helpers/Permissions.php at line : 32 [] []
[2024-03-15 06:58:37] iResponse Framework.CRITICAL: "Undefined variable: controller" in : /usr/irresponse/app/helpers/DataTable.php at line : 68 [] []
[2024-03-15 07:00:01] iResponse Framework.CRITICAL: "Undefined variable: controller" in : /usr/irresponse/app/helpers/DataTable.php at line : 68 [] []
[2024-03-15 07:00:25] iResponse Framework.CRITICAL: "Undefined variable: controller" in : /usr/irresponse/app/helpers/DataTable.php at line : 68 [] []
[2024-03-15 07:02:05] iResponse Framework.CRITICAL: "Argument 2 passed to IR\App\Helpers\Permissions::checkForAuthorization() must be of the type string, null given, called in /usr/irresponse/app/helpers/DataTable.php on line 167" in : /usr/irresponse/app/helpers/Permissions.php at line : 32 [] []
[2024-03-15 07:02:05] iResponse Framework.CRITICAL: "Undefined variable: controller" in : /usr/irresponse/app/helpers/DataTable.php at line : 68 [] []
[2024-03-15 07:02:38] iResponse Framework.CRITICAL: "Argument 2 passed to IR\App\Helpers\Permissions::checkForAuthorization() must be of the type string, null given, called in /usr/irresponse/app/helpers/DataTable.php on line 167" in : /usr/irresponse/app/helpers/Permissions.php at line : 32 [] []
[2024-03-15 07:02:38] iResponse Framework.CRITICAL: "Undefined variable: controller" in : /usr/irresponse/app/helpers/DataTable.php at line : 68 [] []
[2024-03-15 07:03:20] iResponse Framework.CRITICAL: "Argument 2 passed to IR\App\Helpers\Permissions::checkForAuthorization() must be of the type string, null given, called in /usr/irresponse/app/helpers/DataTable.php on line 167" in : /usr/irresponse/app/helpers/Permissions.php at line : 32 [] []
[2024-03-15 07:03:20] iResponse Framework.CRITICAL: "Undefined variable: controller" in : /usr/irresponse/app/helpers/DataTable.php at line : 68 [] []
[2024-03-15 07:08:51] iResponse Framework.CRITICAL: "Undefined variable: controller" in : /usr/irresponse/app/helpers/DataTable.php at line : 68 [] []
[2024-03-15 07:11:41] iResponse Framework.CRITICAL: "Undefined index: GmailServers" in : /usr/irresponse/app/helpers/DataTable.php at line : 69 [] []
[2024-03-15 07:14:11] iResponse Framework.CRITICAL: "Undefined variable: controller" in : /usr/irresponse/app/helpers/DataTable.php at line : 68 [] []
[2024-03-15 07:15:40] iResponse Framework.CRITICAL: "SQLSTATE[42703]: Undefined column: 7 ERROR: column "gmail_server_id" does not exist LINE 1: DELETE FROM admin.gmail_servers WHERE gmail_server_id = '8' ^" in : /usr/irresponse/framework/orm/Connector.php at line : 200 [] []
[2024-03-15 07:15:40] iResponse Framework.CRITICAL: "Undefined property: IR\App\Models\Admin\GmailServers::$_name" in : /usr/irresponse/app/models/admin/GmailServers.php at line : 360 [] []
[2024-03-15 07:16:54] iResponse Framework.CRITICAL: "SQLSTATE[42703]: Undefined column: 7 ERROR: column "gmail_server_id" does not exist LINE 1: DELETE FROM admin.gmail_servers WHERE gmail_server_id = '8' ^" in : /usr/irresponse/framework/orm/Connector.php at line : 200 [] []
[2024-03-15 07:25:41] iResponse Framework.CRITICAL: "Undefined property: IR\App\Models\Admin\GmailServers::$_name" in : /usr/irresponse/app/models/admin/GmailServers.php at line : 331 [] []
[2024-03-15 07:25:56] iResponse Framework.CRITICAL: "Undefined property: IR\App\Models\Admin\GmailServers::$_name" in : /usr/irresponse/app/models/admin/GmailServers.php at line : 346 [] []
[2024-03-15 07:26:15] iResponse Framework.CRITICAL: "Undefined property: IR\App\Models\Admin\GmailServers::$_name" in : /usr/irresponse/app/models/admin/GmailServers.php at line : 346 [] []
[2024-03-15 07:27:21] iResponse Framework.CRITICAL: "Undefined property: IR\App\Models\Admin\GmailServers::$_name" in : /usr/irresponse/app/models/admin/GmailServers.php at line : 346 [] []
